2025-11-18 15:28:02, MOVE, v:1, k:poo@cinema, mode:PICK
2025-11-18 15:28:04, EXEC, v:1, k:poo@cinema, mode:FULL, rate:0, size:25
2025-11-18 15:40:47, EXEC, v:1, k:poo@cinema, mode:FULL, rate:0, size:45
2025-11-18 15:40:52, MOVE, v:1, k:poo@cinema, mode:BACK
2025-11-18 19:26:33, MOVE, v:1, k:poo@cinema, mode:PICK
2025-11-18 19:26:35, EXEC, v:1, k:poo@cinema, mode:FULL, rate:0
2025-11-18 19:49:44, EXEC, v:1, k:poo@cinema, mode:FULL, rate:0, size:78
2025-11-18 19:49:46, EXEC, v:1, k:poo@cinema, mode:FULL, rate:0
2025-11-18 19:49:48, MOVE, v:1, k:poo@cinema, mode:BACK
2025-11-18 19:49:52, MOVE, v:1, k:poo@cinema, mode:PICK
2025-11-18 19:49:53, EXEC, v:1, k:poo@cinema, mode:FULL, rate:0
2025-11-18 19:55:50, EXEC, v:1, k:poo@cinema, mode:FULL, rate:0, size:81
2025-11-18 20:00:54, EXEC, v:1, k:poo@cinema, mode:FULL, rate:0, size:84
2025-11-18 20:00:57, EXEC, v:1, k:poo@cinema, mode:FULL, rate:0
2025-11-18 20:02:57, EXEC, v:1, k:poo@cinema, mode:FULL, rate:0, size:87
2025-11-18 20:02:59, EXEC, v:1, k:poo@cinema, mode:FULL, rate:0
2025-11-18 20:04:15, EXEC, v:1, k:poo@cinema, mode:FULL, rate:0, size:87
2025-11-18 20:06:19, EXEC, v:1, k:poo@cinema, mode:FULL, rate:0, size:87
2025-11-18 20:06:21, EXEC, v:1, k:poo@cinema, mode:FULL, rate:0
2025-11-18 20:07:17, EXEC, v:1, k:poo@cinema, mode:FULL, rate:0, size:87
2025-11-18 20:07:18, EXEC, v:1, k:poo@cinema, mode:FULL, rate:0
2025-11-18 20:08:40, EXEC, v:1, k:poo@cinema, mode:FULL, rate:0, size:87
2025-11-18 20:11:37, EXEC, v:1, k:poo@cinema, mode:FULL, rate:0, size:87
2025-11-18 20:19:49, EXEC, v:1, k:poo@cinema, mode:FULL, rate:0, size:87
2025-11-18 20:19:50, MOVE, v:1, k:poo@cinema, mode:BACK
2025-11-18 20:20:14, MOVE, v:1, k:poo@cinema, mode:PICK
2025-11-18 20:20:15, EXEC, v:1, k:poo@cinema, mode:FULL, rate:0
2025-11-18 20:29:45, EXEC, v:1, k:poo@cinema, mode:FULL, rate:0, size:87
2025-11-18 20:31:40, EXEC, v:1, k:poo@cinema, mode:FULL, rate:0, size:87
2025-11-18 20:31:42, EXEC, v:1, k:poo@cinema, mode:FULL, rate:0
2025-11-18 20:31:46, MOVE, v:1, k:poo@cinema, mode:BACK
2025-11-18 20:41:25, MOVE, v:1, k:poo@cinema, mode:PICK
2025-11-18 20:41:27, EXEC, v:1, k:poo@cinema, mode:FULL, rate:0, size:87
2025-11-18 20:41:28, MOVE, v:1, k:poo@cinema, mode:BACK
2025-11-18 20:41:33, MOVE, v:1, k:poo@cinema, mode:PICK
2025-11-18 20:41:34, EXEC, v:1, k:poo@cinema, mode:FULL, rate:0
2025-11-18 21:03:17, EXEC, v:1, k:poo@cinema, mode:FULL, rate:0
2025-11-18 21:03:17, MOVE, v:1, k:poo@cinema, mode:BACK
2025-11-18 21:03:21, MOVE, v:1, k:poo@cinema, mode:PICK
2025-11-18 21:04:37, MOVE, v:1, k:poo@cinema, mode:PICK
2025-11-18 21:04:45, EXEC, v:1, k:poo@cinema, mode:FULL, rate:0
2025-11-18 21:48:54, EXEC, v:1, k:poo@cinema, mode:FULL, rate:0, size:88
2025-11-18 21:48:56, MOVE, v:1, k:poo@cinema, mode:BACK
2025-11-18 21:48:59, MOVE, v:1, k:poo@cinema, mode:PICK
2025-11-18 21:49:00, MOVE, v:1, k:poo@cinema, mode:BACK
2025-11-18 21:49:19, MOVE, v:1, k:poo@cinema, mode:PICK
2025-11-18 21:49:21, EXEC, v:1, k:poo@cinema, mode:FULL, rate:0
2025-11-18 21:51:28, EXEC, v:1, k:poo@cinema, mode:FULL, rate:0
2025-11-18 21:53:16, EXEC, v:1, k:poo@cinema, mode:FULL, rate:33, size:88
2025-11-18 21:58:39, EXEC, v:1, k:poo@cinema, mode:FULL, rate:33, size:88
2025-11-18 21:58:42, EXEC, v:1, k:poo@cinema, mode:FULL, rate:33
2025-11-18 22:03:40, EXEC, v:1, k:poo@cinema, mode:FULL, rate:33, size:88
2025-11-18 22:03:49, EXEC, v:1, k:poo@cinema, mode:FULL, rate:33, size:88
2025-11-18 22:04:33, EXEC, v:1, k:poo@cinema, mode:FULL, rate:33
2025-11-18 22:07:16, EXEC, v:1, k:poo@cinema, mode:FULL, rate:33, size:88
2025-11-18 22:09:05, EXEC, v:1, k:poo@cinema, mode:FULL, rate:33, size:88
2025-11-18 22:09:29, EXEC, v:1, k:poo@cinema, mode:FULL, rate:33
2025-11-18 22:30:38, EXEC, v:1, k:poo@cinema, mode:FULL, rate:33, size:88
2025-11-18 22:41:11, EXEC, v:1, k:poo@cinema, mode:FULL, rate:33, size:88
2025-11-18 22:43:46, EXEC, v:1, k:poo@cinema, mode:FULL, rate:33, size:93
2025-11-18 22:43:58, EXEC, v:1, k:poo@cinema, mode:FULL, rate:33
2025-11-18 22:52:38, EXEC, v:1, k:poo@cinema, mode:FULL, rate:33, size:98
2025-11-18 22:57:16, EXEC, v:1, k:poo@cinema, mode:FULL, rate:77, size:95
2025-11-18 23:00:56, EXEC, v:1, k:poo@cinema, mode:FULL, rate:77, size:94
2025-11-18 23:01:30, EXEC, v:1, k:poo@cinema, mode:FULL, rate:0, size:95
2025-11-18 23:01:39, EXEC, v:1, k:poo@cinema, mode:FULL, rate:77, size:94
2025-11-18 23:04:51, EXEC, v:1, k:poo@cinema, mode:FULL, rate:100, size:94
2025-11-18 23:05:08, MOVE, v:1, k:poo@cinema, mode:BACK
2025-11-18 23:05:15, MOVE, v:1, k:poo@pula-pula, mode:PICK
2025-11-18 23:05:19, EXEC, v:1, k:poo@pula-pula, mode:FULL, rate:0
2025-11-18 23:05:32, EXEC, v:1, k:poo@pula-pula, mode:FULL, rate:0
2025-11-18 23:07:02, MOVE, v:1, k:poo@pula-pula, mode:PICK
2025-11-18 23:07:06, EXEC, v:1, k:poo@pula-pula, mode:FULL, rate:0
2025-11-18 23:07:53, MOVE, v:1, k:poo@pula-pula, mode:BACK
2025-11-18 23:08:04, MOVE, v:1, k:poo@pula-pula, mode:PICK
2025-11-18 23:08:09, EXEC, v:1, k:poo@pula-pula, mode:FULL, rate:0
