2025-11-19 00:05:32, EXEC, v:1, k:poo@pula-pula, mode:FULL, rate:0, size:88
2025-11-19 00:05:35, EXEC, v:1, k:poo@pula-pula, mode:FULL, rate:0
2025-11-19 00:06:53, EXEC, v:1, k:poo@pula-pula, mode:FULL, rate:0
2025-11-19 00:10:32, EXEC, v:1, k:poo@pula-pula, mode:FULL, rate:0, size:88
2025-11-19 00:12:05, EXEC, v:1, k:poo@pula-pula, mode:FULL, rate:0, size:88
2025-11-19 00:12:24, EXEC, v:1, k:poo@pula-pula, mode:FULL, rate:0, size:88
2025-11-19 00:13:22, EXEC, v:1, k:poo@pula-pula, mode:FULL, rate:80, size:88
2025-11-19 00:17:01, EXEC, v:1, k:poo@pula-pula, mode:FULL, rate:100, size:89
2025-11-19 00:17:43, MOVE, v:1, k:poo@pula-pula, mode:BACK
2025-11-19 00:17:58, MOVE, v:1, k:poo@pula-pula, mode:PICK
2025-11-19 00:18:02, EXEC, v:1, k:poo@pula-pula, mode:FULL, rate:100
2025-11-19 00:18:04, MOVE, v:1, k:poo@pula-pula, mode:BACK
2025-11-19 00:18:19, SELF, v:1, k:poo@lapiseira, rate:100, alone:10
2025-11-19 00:18:40, SELF, v:1, k:poo@budega, rate:60, alone:10
2025-11-19 11:08:40, MOVE, v:1, k:poo@array, mode:PICK
2025-11-19 11:08:42, EXEC, v:1, k:poo@array, mode:LOCK, rate:100, size:63
2025-11-19 20:45:10, SELF, v:1, k:poo@pula-pula, rate:100, alone:10
2025-11-19 20:45:19, SELF, v:1, k:poo@cinema, rate:100, alone:10
2025-11-19 20:45:32, SELF, v:1, k:poo@budega, rate:60, alone:10
2025-11-19 20:45:46, SELF, v:1, k:poo@array
2025-11-19 20:46:10, MOVE, v:1, k:poo@array, mode:PICK
2025-11-19 20:46:13, EXEC, v:1, k:poo@array, mode:LOCK, rate:0, size:72
2025-11-19 20:46:14, EXEC, v:1, k:poo@array, mode:LOCK, rate:0
2025-11-19 21:17:09, MOVE, v:1, k:poo@array, mode:BACK
2025-11-19 21:17:14, MOVE, v:1, k:poo@array, mode:PICK
2025-11-19 21:17:16, EXEC, v:1, k:poo@array, mode:LOCK, rate:0
2025-11-19 21:17:17, MOVE, v:1, k:poo@array, mode:BACK
2025-11-19 21:17:28, MOVE, v:1, k:poo@array, mode:PICK
2025-11-19 21:17:29, EXEC, v:1, k:poo@array, mode:LOCK, rate:0
2025-11-19 21:27:57, EXEC, v:1, k:poo@array, mode:LOCK, rate:0, size:72
2025-11-19 21:44:32, MOVE, v:1, k:poo@array, mode:BACK
2025-11-19 21:44:35, MOVE, v:1, k:poo@array, mode:PICK
2025-11-19 21:44:37, EXEC, v:1, k:poo@array, mode:LOCK, rate:0, size:78
2025-11-19 21:44:39, EXEC, v:1, k:poo@array, mode:LOCK, rate:0
2025-11-19 21:44:40, MOVE, v:1, k:poo@array, mode:BACK
2025-11-19 21:44:45, MOVE, v:1, k:poo@array, mode:PICK
2025-11-19 21:44:47, EXEC, v:1, k:poo@array, mode:LOCK, rate:0
2025-11-19 21:45:32, EXEC, v:1, k:poo@array, mode:LOCK, rate:100, size:78
2025-11-19 21:45:35, EXEC, v:1, k:poo@array, mode:LOCK, rate:100
2025-11-19 21:45:39, MOVE, v:1, k:poo@array, mode:BACK
2025-11-19 21:45:41, MOVE, v:1, k:poo@array, mode:PICK
2025-11-19 21:45:43, EXEC, v:1, k:poo@array, mode:FREE
2025-11-19 21:46:09, EXEC, v:1, k:poo@array, mode:LOCK, rate:100
2025-11-19 21:46:11, EXEC, v:1, k:poo@array, mode:FREE
2025-11-19 21:50:14, MOVE, v:1, k:poo@array, mode:BACK
2025-11-19 21:50:17, MOVE, v:1, k:poo@array, mode:PICK
2025-11-19 21:50:18, EXEC, v:1, k:poo@array, mode:LOCK, rate:100
2025-11-19 21:50:20, EXEC, v:1, k:poo@array, mode:LOCK, rate:100
2025-11-19 21:50:20, MOVE, v:1, k:poo@array, mode:BACK
2025-11-19 21:50:23, MOVE, v:1, k:poo@array, mode:PICK
2025-11-19 21:50:29, MOVE, v:1, k:poo@array, mode:BACK
2025-11-19 21:50:36, MOVE, v:1, k:poo@array, mode:PICK
2025-11-19 21:50:37, EXEC, v:1, k:poo@array, mode:LOCK, rate:100
2025-11-19 21:51:11, MOVE, v:1, k:poo@array, mode:BACK
2025-11-19 21:53:31, SELF, v:1, k:poo@budega, rate:60, alone:10
2025-11-19 21:54:10, MOVE, v:1, k:poo@array, mode:PICK
2025-11-19 21:54:12, EXEC, v:1, k:poo@array, mode:LOCK, rate:100
2025-11-19 21:54:13, MOVE, v:1, k:poo@array, mode:BACK
2025-11-19 21:54:36, MOVE, v:1, k:poo@array, mode:PICK
2025-11-19 21:54:37, EXEC, v:1, k:poo@array, mode:LOCK, rate:0, size:47
2025-11-19 21:54:37, EXEC, v:1, k:poo@array, mode:LOCK, rate:0, size:47
2025-11-19 21:54:39, MOVE, v:1, k:poo@array, mode:BACK
2025-11-19 21:54:44, MOVE, v:1, k:poo@array, mode:PICK
2025-11-19 21:54:45, EXEC, v:1, k:poo@array, mode:LOCK, rate:0, size:47
2025-11-19 21:54:46, EXEC, v:1, k:poo@array, mode:LOCK, rate:0
2025-11-19 21:54:47, MOVE, v:1, k:poo@array, mode:BACK
2025-11-19 21:57:16, MOVE, v:1, k:poo@array, mode:PICK
2025-11-19 21:57:18, EXEC, v:1, k:poo@array, mode:LOCK, rate:0, size:47
2025-11-19 21:57:19, EXEC, v:1, k:poo@array, mode:LOCK, rate:0
2025-11-19 21:57:19, MOVE, v:1, k:poo@array, mode:BACK
2025-11-19 21:57:22, MOVE, v:1, k:poo@array, mode:PICK
2025-11-19 21:57:23, EXEC, v:1, k:poo@array, mode:LOCK, rate:0
2025-11-19 21:57:26, EXEC, v:1, k:poo@array, mode:LOCK, rate:0
2025-11-19 22:32:44, EXEC, v:1, k:poo@array, mode:LOCK, rate:0
2025-11-19 22:32:45, MOVE, v:1, k:poo@array, mode:BACK
2025-11-19 22:32:53, MOVE, v:1, k:poo@array, mode:PICK
2025-11-19 22:32:54, EXEC, v:1, k:poo@array, mode:LOCK, rate:0
2025-11-19 22:32:55, MOVE, v:1, k:poo@array, mode:BACK
2025-11-19 22:34:37, MOVE, v:1, k:poo@array, mode:PICK
2025-11-19 22:34:39, EXEC, v:1, k:poo@array, mode:LOCK, rate:0
2025-11-19 22:40:31, EXEC, v:1, k:poo@array, mode:LOCK, rate:0, size:58
2025-11-19 22:40:34, EXEC, v:1, k:poo@array, mode:LOCK, rate:0
2025-11-19 22:41:36, EXEC, v:1, k:poo@array, mode:LOCK, rate:0
2025-11-19 22:48:48, EXEC, v:1, k:poo@array, mode:LOCK, rate:0, size:69
2025-11-19 22:48:50, EXEC, v:1, k:poo@array, mode:LOCK, rate:0
2025-11-19 22:49:52, EXEC, v:1, k:poo@array, mode:LOCK, rate:0
2025-11-19 22:49:58, EXEC, v:1, k:poo@array, mode:FREE
2025-11-19 22:51:50, MOVE, v:1, k:poo@array, mode:PICK
2025-11-19 22:51:55, EXEC, v:1, k:poo@array, mode:LOCK, rate:0
2025-11-19 22:51:55, EXEC, v:1, k:poo@array, mode:LOCK, rate:0
2025-11-19 22:51:56, EXEC, v:1, k:poo@array, mode:LOCK, rate:0
2025-11-19 22:51:57, EXEC, v:1, k:poo@array, mode:LOCK, rate:0
2025-11-19 22:51:59, EXEC, v:1, k:poo@array, mode:FREE
2025-11-19 23:10:55, EXEC, v:1, k:poo@array, mode:LOCK, rate:0, size:71
2025-11-19 23:11:39, EXEC, v:1, k:poo@array, mode:FREE
2025-11-19 23:11:49, MOVE, v:1, k:poo@array, mode:BACK
2025-11-19 23:11:53, MOVE, v:1, k:poo@array, mode:PICK
2025-11-19 23:11:54, EXEC, v:1, k:poo@array, mode:LOCK, rate:0
2025-11-19 23:11:57, EXEC, v:1, k:poo@array, mode:LOCK, rate:0
2025-11-19 23:12:01, EXEC, v:1, k:poo@array, mode:LOCK, rate:0
2025-11-19 23:12:02, EXEC, v:1, k:poo@array, mode:LOCK, rate:0
2025-11-19 23:12:03, MOVE, v:1, k:poo@array, mode:BACK
2025-11-19 23:13:46, MOVE, v:1, k:poo@array, mode:PICK
2025-11-19 23:13:48, EXEC, v:1, k:poo@array, mode:FREE
2025-11-19 23:18:19, MOVE, v:1, k:poo@array, mode:PICK
2025-11-19 23:18:20, EXEC, v:1, k:poo@array, mode:LOCK, rate:0
2025-11-19 23:18:21, EXEC, v:1, k:poo@array, mode:LOCK, rate:0
2025-11-19 23:18:24, MOVE, v:1, k:poo@array, mode:BACK
2025-11-19 23:18:25, MOVE, v:1, k:poo@array, mode:PICK
2025-11-19 23:21:25, EXEC, v:1, k:poo@array, mode:LOCK, rate:0
2025-11-19 23:26:18, EXEC, v:1, k:poo@array, mode:LOCK, rate:0
2025-11-19 23:26:20, EXEC, v:1, k:poo@array, mode:LOCK, rate:0
2025-11-19 23:29:30, EXEC, v:1, k:poo@array, mode:LOCK, rate:0
2025-11-19 23:29:30, EXEC, v:1, k:poo@array, mode:LOCK, rate:0
2025-11-19 23:32:22, EXEC, v:1, k:poo@array, mode:LOCK, rate:0
2025-11-19 23:32:28, MOVE, v:1, k:poo@array, mode:BACK
2025-11-19 23:32:41, MOVE, v:1, k:poo@array, mode:PICK
2025-11-19 23:32:42, EXEC, v:1, k:poo@array, mode:LOCK, rate:0
2025-11-19 23:35:18, EXEC, v:1, k:poo@array, mode:LOCK, rate:0
2025-11-19 23:36:43, EXEC, v:1, k:poo@array, mode:LOCK, rate:0
2025-11-19 23:36:46, MOVE, v:1, k:poo@array, mode:BACK
2025-11-19 23:36:49, MOVE, v:1, k:poo@array, mode:PICK
2025-11-19 23:36:51, EXEC, v:1, k:poo@array, mode:LOCK, rate:0
2025-11-19 23:38:18, MOVE, v:1, k:poo@array, mode:BACK
2025-11-19 23:38:21, MOVE, v:1, k:poo@array, mode:PICK
2025-11-19 23:38:22, EXEC, v:1, k:poo@array, mode:LOCK, rate:0
2025-11-19 23:38:22, EXEC, v:1, k:poo@array, mode:LOCK, rate:0
2025-11-19 23:38:23, MOVE, v:1, k:poo@array, mode:BACK
2025-11-19 23:38:26, MOVE, v:1, k:poo@array, mode:PICK
2025-11-19 23:38:27, EXEC, v:1, k:poo@array, mode:LOCK, rate:0
2025-11-19 23:38:28, EXEC, v:1, k:poo@array, mode:LOCK, rate:0
2025-11-19 23:39:36, EXEC, v:1, k:poo@array, mode:LOCK, rate:0
2025-11-19 23:43:25, EXEC, v:1, k:poo@array, mode:LOCK, rate:0
2025-11-19 23:43:30, MOVE, v:1, k:poo@array, mode:BACK
2025-11-19 23:43:33, MOVE, v:1, k:poo@array, mode:PICK
2025-11-19 23:43:35, EXEC, v:1, k:poo@array, mode:LOCK, rate:0
2025-11-19 23:43:36, MOVE, v:1, k:poo@array, mode:BACK
2025-11-19 23:44:43, MOVE, v:1, k:poo@array, mode:PICK
2025-11-19 23:44:43, EXEC, v:1, k:poo@array, mode:LOCK, rate:0
2025-11-19 23:44:44, EXEC, v:1, k:poo@array, mode:LOCK, rate:0
2025-11-19 23:44:45, EXEC, v:1, k:poo@array, mode:LOCK, rate:0
2025-11-19 23:44:47, MOVE, v:1, k:poo@array, mode:BACK
2025-11-19 23:44:49, MOVE, v:1, k:poo@array, mode:PICK
2025-11-19 23:44:50, EXEC, v:1, k:poo@array, mode:LOCK, rate:0
2025-11-19 23:44:53, EXEC, v:1, k:poo@array, mode:LOCK, rate:0
2025-11-19 23:45:59, EXEC, v:1, k:poo@array, mode:LOCK, rate:0
2025-11-19 23:46:02, EXEC, v:1, k:poo@array, mode:LOCK, rate:0
2025-11-19 23:46:32, EXEC, v:1, k:poo@array, mode:LOCK, rate:0
2025-11-19 23:50:52, EXEC, v:1, k:poo@array, mode:LOCK, rate:0
2025-11-19 23:50:52, MOVE, v:1, k:poo@array, mode:BACK
2025-11-19 23:51:10, SELF, v:1, k:poo@array, rate:100, alone:10
2025-11-19 23:51:24, SELF, v:1, k:poo@budega, rate:60, alone:10
