2025-11-08 22:11:20, MOVE, v:1, k:poo@budega, mode:PICK
2025-11-08 22:11:27, EXEC, v:1, k:poo@budega, mode:FULL, rate:0, size:92
2025-11-08 22:14:19, EXEC, v:1, k:poo@budega, mode:FULL, rate:0
2025-11-08 22:14:22, EXEC, v:1, k:poo@budega, mode:FULL, rate:0
2025-11-08 22:14:30, EXEC, v:1, k:poo@budega, mode:FULL, rate:0
2025-11-08 22:37:51, EXEC, v:1, k:poo@budega, mode:FULL, rate:0
2025-11-08 22:37:57, EXEC, v:1, k:poo@budega, mode:FULL, rate:0
2025-11-08 22:38:00, EXEC, v:1, k:poo@budega, mode:FULL, rate:0
2025-11-08 22:50:33, EXEC, v:1, k:poo@budega, mode:FULL, rate:0
2025-11-08 22:51:30, EXEC, v:1, k:poo@budega, mode:FULL, rate:0
2025-11-08 23:06:09, EXEC, v:1, k:poo@budega, mode:FULL, rate:0
2025-11-08 23:08:35, EXEC, v:1, k:poo@budega, mode:FULL, rate:0
2025-11-08 23:09:14, EXEC, v:1, k:poo@budega, mode:FULL, rate:0
2025-11-08 23:09:17, EXEC, v:1, k:poo@budega, mode:FULL, rate:0
2025-11-08 23:10:48, EXEC, v:1, k:poo@budega, mode:FULL, rate:0
2025-11-08 23:10:51, EXEC, v:1, k:poo@budega, mode:FULL, rate:0
2025-11-08 23:11:30, EXEC, v:1, k:poo@budega, mode:FULL, rate:0
2025-11-08 23:12:08, EXEC, v:1, k:poo@budega, mode:FULL, rate:0
2025-11-08 23:12:19, EXEC, v:1, k:poo@budega, mode:FULL, rate:0
2025-11-08 23:14:34, EXEC, v:1, k:poo@budega, mode:FULL, rate:0
2025-11-08 23:18:13, EXEC, v:1, k:poo@budega, mode:FULL, rate:0
2025-11-08 23:19:35, EXEC, v:1, k:poo@budega, mode:FULL, rate:0
2025-11-08 23:21:38, MOVE, v:1, k:poo@budega, mode:BACK
2025-11-08 23:22:33, SELF, v:1, k:poo@budega
2025-11-08 23:22:36, MOVE, v:1, k:poo@budega, mode:PICK
2025-11-08 23:22:38, EXEC, v:1, k:poo@budega, mode:FULL, rate:0
